0 w 0x7fff11c4b2c8 8
0 w 0x7fff11c4b2c0 8
0 w 0x7fff11c4b2b8 8
0 w 0x7fff11c4b2b0 8
0 w 0x7fff11c4b2a8 8
0 w 0x7fff11c4b2a0 8
0 w 0x7fff11c4b298 8
0 w 0x7fbae3f9f5e0 8
0 r 0x7fbae3f9fe68 8
0 r 0x7fbae3fa0000 8
0 w 0x7fbae3fa09f8 8
0 w 0x7fbae3fa09e8 8
0 w 0x7fbae3fa0a98 8
0 r 0x7fbae3f9fe78 8
0 w 0x7fbae3fa0a48 8
0 r 0x7fbae3f9fe88 8
0 w 0x7fbae3fa0c88 8
0 r 0x7fbae3f9fe98 8
0 w 0x7fbae3fa0a50 8
0 r 0x7fbae3f9fea8 8
0 w 0x7fbae3fa0a58 8
0 r 0x7fbae3f9feb8 8
0 w 0x7fbae3fa0a78 8
0 r 0x7fbae3f9fec8 8
0 w 0x7fbae3fa0a80 8
0 r 0x7fbae3f9fed8 8
0 w 0x7fbae3fa0a40 8
0 r 0x7fbae3f9fee8 8
0 w 0x7fbae3fa0a38 8
0 r 0x7fbae3f9fef8 8
0 w 0x7fbae3fa0ac8 8
0 r 0x7fbae3f9ff08 8
0 w 0x7fbae3fa0ae0 8
0 r 0x7fbae3f9ff18 8
0 w 0x7fbae3fa0a60 8
0 r 0x7fbae3f9ff28 8
0 w 0x7fbae3fa0a68 8
0 r 0x7fbae3f9ff38 8
0 w 0x7fbae3fa0a70 8
0 r 0x7fbae3f9ff48 8
0 w 0x7fbae3fa0b58 8
0 r 0x7fbae3f9ff58 8
0 w 0x7fbae3fa0b50 8
0 r 0x7fbae3f9ff68 8
0 w 0x7fbae3fa0bb8 8
0 r 0x7fbae3f9ff78 8
0 w 0x7fbae3fa0b70 8
0 r 0x7fbae3f9ff88 8
0 r 0x7fbae3fa0a48 8
0 r 0x7fbae3f9fe80 8
0 w 0x7fbae3f9fe80 8
0 r 0x7fbae3fa0a40 8
0 r 0x7fbae3f9fee0 8
0 w 0x7fbae3f9fee0 8
0 r 0x7fbae3fa0a50 8
0 r 0x7fbae3f9fea0 8
0 w 0x7fbae3f9fea0 8
0 r 0x7fbae3fa0a58 8
0 r 0x7fbae3f9feb0 8
0 w 0x7fbae3f9feb0 8
0 r 0x7fbae3fa0a60 8
0 r 0x7fbae3f9ff20 8
0 w 0x7fbae3f9ff20 8
0 r 0x7fbae3fa0ae0 8
0 r 0x7fbae3f9ff10 8
0 w 0x7fbae3f9ff10 8
0 r 0x7fbae3fa0bb8 8
0 r 0x7fbae3f9ff70 8
0 w 0x7fbae3f9ff70 8
0 r 0x7fbae3fa0c88 8
0 r 0x7fbae3f9fe90 8
0 w 0x7fbae3f9fe90 8
0 r 0x7fbae3fa0ac8 8
0 r 0x7fbae3f9ff00 8
0 r 0x7fbae3fa0a60 8
0 r 0x7fbae3fa0a70 8
0 r 0x7fbae3f9ff40 8
0 r 0x7fbae3fa0b60 8
0 r 0x7fbae3fa0b18 8
0 r 0x7fbae3fa0b10 8
0 r 0x7fbae3fa0aa0 8
0 r 0x7fbae3f9ff20 8
0 r 0x7fbae3fa0a68 8
0 r 0x7fbae3fa0b70 8
0 r 0x7fbae3f9ff30 8
0 r 0x7fbae3f9ff80 8
0 r 0x7fbae3fa0a38 8
0 r 0x7fbae3fa0ae0 8
0 r 0x7fbae3f9fef0 8
0 r 0x7fbae3f9ff10 8
0 r 0x7fbae3fa0a58 8
0 r 0x7fbae3f9feb0 8
0 r 0x7fbae3f72b00 8
0 r 0x7fbae3f72b08 4
0 r 0x7fbae3f72b10 8
0 w 0x7fbae3f9f7f0 8
0 r 0x7fbae3f72b18 8
0 r 0x7fbae3f72b20 4
0 r 0x7fbae3f72b28 8
0 w 0x7fbae3f9f7f8 8
